<?xml version="1.0" encoding="UTF-8"?>
<!-- Generated by org.testng.reporters.JUnitXMLReporter -->
<testsuite hostname="Shivangi" name="Simple Reporter test" tests="3" failures="1" timestamp="28 Sep 2016 20:24:05 GMT" time="0.256" errors="0">
  <testcase name="testMethodTwo" time="0.059" classname="automation.SampleTest">
    <failure type="java.lang.AssertionError" message="expected [true] but found [false]">
      <![CDATA[java.lang.AssertionError: expected [true] but found [false]
	at automation.SampleTest.testMethodTwo(SampleTest.java:15)
... Removed 28 stack frames]]>
    </failure>
  </testcase> <!-- testMethodTwo -->
  <testcase name="testMethodOne" time="0.037" classname="automation.SampleTest"/>
  <testcase name="testMethodThree" time="0.0" classname="automation.SampleTest">
    <skipped/>
  </testcase> <!-- testMethodThree -->
</testsuite> <!-- Simple Reporter test -->
