<?xml version="1.0" encoding="UTF-8"?>
<!-- Generated by org.testng.reporters.JUnitXMLReporter -->
<testsuite hostname="Shivangi" name="Test" tests="1" failures="0" timestamp="27 Sep 2016 06:07:14 GMT" time="0.107" errors="0">
  <testcase name="@BeforeClass beforeTest" time="0.0" classname="session.MultiBrowser">
    <failure type="org.testng.TestNGException" message="
Parameter &amp;apos;browser&amp;apos; is required by @Configuration on method beforeTest but has not been marked @Optional or defined
in C:\Users\Shivangi\EclipsePrograms\WebDriver\testng.xml">
      <![CDATA[org.testng.TestNGException: 
Parameter 'browser' is required by @Configuration on method beforeTest but has not been marked @Optional or defined
in C:\Users\Shivangi\EclipsePrograms\WebDriver\testng.xml
... Removed 21 stack frames]]>
    </failure>
  </testcase> <!-- @BeforeClass beforeTest -->
  <testcase name="@AfterClass afterTest" time="0.0" classname="session.MultiBrowser">
    <skipped/>
  </testcase> <!-- @AfterClass afterTest -->
  <testcase name="login" time="0.023" classname="session.MultiBrowser">
    <skipped/>
  </testcase> <!-- login -->
</testsuite> <!-- Test -->
